
blink-atmega2560.elf:     file format elf32-avr


Disassembly of section .text:

00000000 <__vectors>:
   0:	71 c0       	rjmp	.+226    	; 0xe4 <__ctors_end>
   2:	00 00       	nop
   4:	79 c0       	rjmp	.+242    	; 0xf8 <__bad_interrupt>
   6:	00 00       	nop
   8:	77 c0       	rjmp	.+238    	; 0xf8 <__bad_interrupt>
   a:	00 00       	nop
   c:	75 c0       	rjmp	.+234    	; 0xf8 <__bad_interrupt>
   e:	00 00       	nop
  10:	73 c0       	rjmp	.+230    	; 0xf8 <__bad_interrupt>
  12:	00 00       	nop
  14:	71 c0       	rjmp	.+226    	; 0xf8 <__bad_interrupt>
  16:	00 00       	nop
  18:	6f c0       	rjmp	.+222    	; 0xf8 <__bad_interrupt>
  1a:	00 00       	nop
  1c:	6d c0       	rjmp	.+218    	; 0xf8 <__bad_interrupt>
  1e:	00 00       	nop
  20:	6b c0       	rjmp	.+214    	; 0xf8 <__bad_interrupt>
  22:	00 00       	nop
  24:	69 c0       	rjmp	.+210    	; 0xf8 <__bad_interrupt>
  26:	00 00       	nop
  28:	67 c0       	rjmp	.+206    	; 0xf8 <__bad_interrupt>
  2a:	00 00       	nop
  2c:	65 c0       	rjmp	.+202    	; 0xf8 <__bad_interrupt>
  2e:	00 00       	nop
  30:	63 c0       	rjmp	.+198    	; 0xf8 <__bad_interrupt>
  32:	00 00       	nop
  34:	61 c0       	rjmp	.+194    	; 0xf8 <__bad_interrupt>
  36:	00 00       	nop
  38:	5f c0       	rjmp	.+190    	; 0xf8 <__bad_interrupt>
  3a:	00 00       	nop
  3c:	5d c0       	rjmp	.+186    	; 0xf8 <__bad_interrupt>
  3e:	00 00       	nop
  40:	5b c0       	rjmp	.+182    	; 0xf8 <__bad_interrupt>
  42:	00 00       	nop
  44:	59 c0       	rjmp	.+178    	; 0xf8 <__bad_interrupt>
  46:	00 00       	nop
  48:	57 c0       	rjmp	.+174    	; 0xf8 <__bad_interrupt>
  4a:	00 00       	nop
  4c:	55 c0       	rjmp	.+170    	; 0xf8 <__bad_interrupt>
  4e:	00 00       	nop
  50:	53 c0       	rjmp	.+166    	; 0xf8 <__bad_interrupt>
  52:	00 00       	nop
  54:	51 c0       	rjmp	.+162    	; 0xf8 <__bad_interrupt>
  56:	00 00       	nop
  58:	4f c0       	rjmp	.+158    	; 0xf8 <__bad_interrupt>
  5a:	00 00       	nop
  5c:	4d c0       	rjmp	.+154    	; 0xf8 <__bad_interrupt>
  5e:	00 00       	nop
  60:	4b c0       	rjmp	.+150    	; 0xf8 <__bad_interrupt>
  62:	00 00       	nop
  64:	49 c0       	rjmp	.+146    	; 0xf8 <__bad_interrupt>
  66:	00 00       	nop
  68:	47 c0       	rjmp	.+142    	; 0xf8 <__bad_interrupt>
  6a:	00 00       	nop
  6c:	45 c0       	rjmp	.+138    	; 0xf8 <__bad_interrupt>
  6e:	00 00       	nop
  70:	43 c0       	rjmp	.+134    	; 0xf8 <__bad_interrupt>
  72:	00 00       	nop
  74:	41 c0       	rjmp	.+130    	; 0xf8 <__bad_interrupt>
  76:	00 00       	nop
  78:	3f c0       	rjmp	.+126    	; 0xf8 <__bad_interrupt>
  7a:	00 00       	nop
  7c:	3d c0       	rjmp	.+122    	; 0xf8 <__bad_interrupt>
  7e:	00 00       	nop
  80:	3b c0       	rjmp	.+118    	; 0xf8 <__bad_interrupt>
  82:	00 00       	nop
  84:	39 c0       	rjmp	.+114    	; 0xf8 <__bad_interrupt>
  86:	00 00       	nop
  88:	37 c0       	rjmp	.+110    	; 0xf8 <__bad_interrupt>
  8a:	00 00       	nop
  8c:	35 c0       	rjmp	.+106    	; 0xf8 <__bad_interrupt>
  8e:	00 00       	nop
  90:	33 c0       	rjmp	.+102    	; 0xf8 <__bad_interrupt>
  92:	00 00       	nop
  94:	31 c0       	rjmp	.+98     	; 0xf8 <__bad_interrupt>
  96:	00 00       	nop
  98:	2f c0       	rjmp	.+94     	; 0xf8 <__bad_interrupt>
  9a:	00 00       	nop
  9c:	2d c0       	rjmp	.+90     	; 0xf8 <__bad_interrupt>
  9e:	00 00       	nop
  a0:	2b c0       	rjmp	.+86     	; 0xf8 <__bad_interrupt>
  a2:	00 00       	nop
  a4:	29 c0       	rjmp	.+82     	; 0xf8 <__bad_interrupt>
  a6:	00 00       	nop
  a8:	27 c0       	rjmp	.+78     	; 0xf8 <__bad_interrupt>
  aa:	00 00       	nop
  ac:	25 c0       	rjmp	.+74     	; 0xf8 <__bad_interrupt>
  ae:	00 00       	nop
  b0:	23 c0       	rjmp	.+70     	; 0xf8 <__bad_interrupt>
  b2:	00 00       	nop
  b4:	21 c0       	rjmp	.+66     	; 0xf8 <__bad_interrupt>
  b6:	00 00       	nop
  b8:	1f c0       	rjmp	.+62     	; 0xf8 <__bad_interrupt>
  ba:	00 00       	nop
  bc:	1d c0       	rjmp	.+58     	; 0xf8 <__bad_interrupt>
  be:	00 00       	nop
  c0:	1b c0       	rjmp	.+54     	; 0xf8 <__bad_interrupt>
  c2:	00 00       	nop
  c4:	19 c0       	rjmp	.+50     	; 0xf8 <__bad_interrupt>
  c6:	00 00       	nop
  c8:	17 c0       	rjmp	.+46     	; 0xf8 <__bad_interrupt>
  ca:	00 00       	nop
  cc:	15 c0       	rjmp	.+42     	; 0xf8 <__bad_interrupt>
  ce:	00 00       	nop
  d0:	13 c0       	rjmp	.+38     	; 0xf8 <__bad_interrupt>
  d2:	00 00       	nop
  d4:	11 c0       	rjmp	.+34     	; 0xf8 <__bad_interrupt>
  d6:	00 00       	nop
  d8:	0f c0       	rjmp	.+30     	; 0xf8 <__bad_interrupt>
  da:	00 00       	nop
  dc:	0d c0       	rjmp	.+26     	; 0xf8 <__bad_interrupt>
  de:	00 00       	nop
  e0:	0b c0       	rjmp	.+22     	; 0xf8 <__bad_interrupt>
	...

000000e4 <__ctors_end>:
  e4:	11 24       	eor	r1, r1
  e6:	1f be       	out	0x3f, r1	; 63
  e8:	cf ef       	ldi	r28, 0xFF	; 255
  ea:	d1 e2       	ldi	r29, 0x21	; 33
  ec:	de bf       	out	0x3e, r29	; 62
  ee:	cd bf       	out	0x3d, r28	; 61
  f0:	00 e0       	ldi	r16, 0x00	; 0
  f2:	0c bf       	out	0x3c, r16	; 60
  f4:	02 d0       	rcall	.+4      	; 0xfa <main>
  f6:	25 c0       	rjmp	.+74     	; 0x142 <_exit>

000000f8 <__bad_interrupt>:
  f8:	83 cf       	rjmp	.-250    	; 0x0 <__vectors>

000000fa <main>:
  fa:	10 d0       	rcall	.+32     	; 0x11c <USART0_init>
  fc:	27 9a       	sbi	0x04, 7	; 4
  fe:	85 b1       	in	r24, 0x05	; 5
 100:	80 58       	subi	r24, 0x80	; 128
 102:	85 b9       	out	0x05, r24	; 5
 104:	2f ef       	ldi	r18, 0xFF	; 255
 106:	83 ed       	ldi	r24, 0xD3	; 211
 108:	90 e3       	ldi	r25, 0x30	; 48
 10a:	21 50       	subi	r18, 0x01	; 1
 10c:	80 40       	sbci	r24, 0x00	; 0
 10e:	90 40       	sbci	r25, 0x00	; 0
 110:	e1 f7       	brne	.-8      	; 0x10a <main+0x10>
 112:	00 c0       	rjmp	.+0      	; 0x114 <main+0x1a>
 114:	00 00       	nop
 116:	8a e2       	ldi	r24, 0x2A	; 42
 118:	0d d0       	rcall	.+26     	; 0x134 <USART0_transmit>
 11a:	f1 cf       	rjmp	.-30     	; 0xfe <main+0x4>

0000011c <USART0_init>:
 11c:	10 92 c5 00 	sts	0x00C5, r1	; 0x8000c5 <__TEXT_REGION_LENGTH__+0x7c00c5>
 120:	87 e6       	ldi	r24, 0x67	; 103
 122:	80 93 c4 00 	sts	0x00C4, r24	; 0x8000c4 <__TEXT_REGION_LENGTH__+0x7c00c4>
 126:	88 e1       	ldi	r24, 0x18	; 24
 128:	80 93 c1 00 	sts	0x00C1, r24	; 0x8000c1 <__TEXT_REGION_LENGTH__+0x7c00c1>
 12c:	8e e0       	ldi	r24, 0x0E	; 14
 12e:	80 93 c2 00 	sts	0x00C2, r24	; 0x8000c2 <__TEXT_REGION_LENGTH__+0x7c00c2>
 132:	08 95       	ret

00000134 <USART0_transmit>:
 134:	90 91 c0 00 	lds	r25, 0x00C0	; 0x8000c0 <__TEXT_REGION_LENGTH__+0x7c00c0>
 138:	95 ff       	sbrs	r25, 5
 13a:	fc cf       	rjmp	.-8      	; 0x134 <USART0_transmit>
 13c:	80 93 c6 00 	sts	0x00C6, r24	; 0x8000c6 <__TEXT_REGION_LENGTH__+0x7c00c6>
 140:	08 95       	ret

00000142 <_exit>:
 142:	f8 94       	cli

00000144 <__stop_program>:
 144:	ff cf       	rjmp	.-2      	; 0x144 <__stop_program>
