The target system is: Generic -  - avr
The host system is: Linux - 5.18.16-200.fc36.x86_64 - x86_64
Compiling the C compiler identification source file "CMakeCCompilerId.c" succeeded.
Compiler: /usr/bin/avr-gcc 
Build flags: 
Id flags:  

The output was:
0


Compilation of the C compiler identification source "CMakeCCompilerId.c" produced "a.out"

The C compiler identification is GNU, found in "/home/hellscoffe/Develop/AVR_Programming/build/CMakeFiles/3.22.2/CompilerIdC/a.out"

Compiling the CXX compiler identification source file "CMakeCXXCompilerId.cpp" succeeded.
Compiler: /usr/bin/avr-g++ 
Build flags: 
Id flags:  

The output was:
0


Compilation of the CXX compiler identification source "CMakeCXXCompilerId.cpp" produced "a.out"

The CXX compiler identification is GNU, found in "/home/hellscoffe/Develop/AVR_Programming/build/CMakeFiles/3.22.2/CompilerIdCXX/a.out"

Detecting C compiler ABI info compiled with the following output:
Change Dir: /home/hellscoffe/Develop/AVR_Programming/build/CMakeFiles/CMakeTmp

Run Build Command(s):/usr/bin/gmake -f Makefile cmTC_4c13a/fast && /usr/bin/gmake  -f CMakeFiles/cmTC_4c13a.dir/build.make CMakeFiles/cmTC_4c13a.dir/build
gmake[1]: Entering directory '/home/hellscoffe/Develop/AVR_Programming/build/CMakeFiles/CMakeTmp'
Building C object CMakeFiles/cmTC_4c13a.dir/CMakeCCompilerABI.c.obj
/usr/bin/avr-gcc   -v -o CMakeFiles/cmTC_4c13a.dir/CMakeCCompilerABI.c.obj -c /usr/share/cmake/Modules/CMakeCCompilerABI.c
Using built-in specs.
Reading specs from /usr/lib/gcc/avr/11.2.0/device-specs/specs-avr2
COLLECT_GCC=/usr/bin/avr-gcc
Target: avr
Configured with: ../gcc-11.2.0/configure --prefix=/usr --mandir=/usr/share/man --infodir=/usr/share/info --target=avr --enable-languages=c,c++ --disable-nls --disable-libssp --with-system-zlib --enable-version-specific-runtime-libs --with-pkgversion='Fedora 11.2.0-1.fc36' --with-bugurl=https://bugzilla.redhat.com/
Thread model: single
Supported LTO compression algorithms: zlib
gcc version 11.2.0 (Fedora 11.2.0-1.fc36) 
COLLECT_GCC_OPTIONS='-v' '-o' 'CMakeFiles/cmTC_4c13a.dir/CMakeCCompilerABI.c.obj' '-c' '-mdouble=32' '-mlong-double=64' '-specs=device-specs/specs-avr2' '-dumpdir' 'CMakeFiles/cmTC_4c13a.dir/'
 /usr/libexec/gcc/avr/11.2.0/cc1 -quiet -v /usr/share/cmake/Modules/CMakeCCompilerABI.c -mn-flash=6 -mskip-bug -quiet -dumpdir CMakeFiles/cmTC_4c13a.dir/ -dumpbase CMakeCCompilerABI.c.c -dumpbase-ext .c -mdouble=32 -mlong-double=64 -version -o /tmp/cc8sZeBn.s
GNU C17 (Fedora 11.2.0-1.fc36) version 11.2.0 (avr)
	compiled by GNU C version 12.0.1 20220129 (Red Hat 12.0.1-0), GMP version 6.2.1, MPFR version 4.1.0-p13, MPC version 1.2.1, isl version none
GGC heuristics: --param ggc-min-expand=100 --param ggc-min-heapsize=131072
ignoring nonexistent directory "/usr/lib/gcc/avr/11.2.0/../../../../avr/sys-include"
#include "..." search starts here:
#include <...> search starts here:
 /usr/lib/gcc/avr/11.2.0/include
 /usr/lib/gcc/avr/11.2.0/include-fixed
 /usr/lib/gcc/avr/11.2.0/../../../../avr/include
End of search list.
GNU C17 (Fedora 11.2.0-1.fc36) version 11.2.0 (avr)
	compiled by GNU C version 12.0.1 20220129 (Red Hat 12.0.1-0), GMP version 6.2.1, MPFR version 4.1.0-p13, MPC version 1.2.1, isl version none
GGC heuristics: --param ggc-min-expand=100 --param ggc-min-heapsize=131072
Compiler executable checksum: 1b6850374d2c75ae2a974a52d3b650fe
COLLECT_GCC_OPTIONS='-v' '-o' 'CMakeFiles/cmTC_4c13a.dir/CMakeCCompilerABI.c.obj' '-c' '-mdouble=32' '-mlong-double=64' '-specs=device-specs/specs-avr2' '-dumpdir' 'CMakeFiles/cmTC_4c13a.dir/'
 /usr/lib/gcc/avr/11.2.0/../../../../avr/bin/as -mmcu=avr2 -mgcc-isr -o CMakeFiles/cmTC_4c13a.dir/CMakeCCompilerABI.c.obj /tmp/cc8sZeBn.s
COMPILER_PATH=/usr/libexec/gcc/avr/11.2.0/:/usr/libexec/gcc/avr/11.2.0/:/usr/libexec/gcc/avr/:/usr/lib/gcc/avr/11.2.0/:/usr/lib/gcc/avr/:/usr/lib/gcc/avr/11.2.0/../../../../avr/bin/
LIBRARY_PATH=/usr/lib/gcc/avr/11.2.0/:/usr/lib/gcc/avr/11.2.0/../../../../avr/lib/
COLLECT_GCC_OPTIONS='-v' '-o' 'CMakeFiles/cmTC_4c13a.dir/CMakeCCompilerABI.c.obj' '-c' '-mdouble=32' '-mlong-double=64' '-specs=device-specs/specs-avr2' '-dumpdir' 'CMakeFiles/cmTC_4c13a.dir/CMakeCCompilerABI.c.'
Linking C static library libcmTC_4c13a.a
/usr/bin/cmake -P CMakeFiles/cmTC_4c13a.dir/cmake_clean_target.cmake
/usr/bin/cmake -E cmake_link_script CMakeFiles/cmTC_4c13a.dir/link.txt --verbose=1
/usr/bin/avr-ar qc libcmTC_4c13a.a CMakeFiles/cmTC_4c13a.dir/CMakeCCompilerABI.c.obj
/usr/bin/avr-ranlib libcmTC_4c13a.a
gmake[1]: Leaving directory '/home/hellscoffe/Develop/AVR_Programming/build/CMakeFiles/CMakeTmp'



Parsed C implicit include dir info from above output: rv=done
  found start of include info
  found start of implicit include info
    add: [/usr/lib/gcc/avr/11.2.0/include]
    add: [/usr/lib/gcc/avr/11.2.0/include-fixed]
    add: [/usr/lib/gcc/avr/11.2.0/../../../../avr/include]
  end of search list found
  collapse include dir [/usr/lib/gcc/avr/11.2.0/include] ==> [/usr/lib/gcc/avr/11.2.0/include]
  collapse include dir [/usr/lib/gcc/avr/11.2.0/include-fixed] ==> [/usr/lib/gcc/avr/11.2.0/include-fixed]
  collapse include dir [/usr/lib/gcc/avr/11.2.0/../../../../avr/include] ==> [/usr/avr/include]
  implicit include dirs: [/usr/lib/gcc/avr/11.2.0/include;/usr/lib/gcc/avr/11.2.0/include-fixed;/usr/avr/include]


Parsed C implicit link information from above output:
  link line regex: [^( *|.*[/\])(avr-ld|CMAKE_LINK_STARTFILE-NOTFOUND|([^/\]+-)?ld|collect2)[^/\]*( |$)]
  ignore line: [Change Dir: /home/hellscoffe/Develop/AVR_Programming/build/CMakeFiles/CMakeTmp]
  ignore line: []
  ignore line: [Run Build Command(s):/usr/bin/gmake -f Makefile cmTC_4c13a/fast && /usr/bin/gmake  -f CMakeFiles/cmTC_4c13a.dir/build.make CMakeFiles/cmTC_4c13a.dir/build]
  ignore line: [gmake[1]: Entering directory '/home/hellscoffe/Develop/AVR_Programming/build/CMakeFiles/CMakeTmp']
  ignore line: [Building C object CMakeFiles/cmTC_4c13a.dir/CMakeCCompilerABI.c.obj]
  ignore line: [/usr/bin/avr-gcc   -v -o CMakeFiles/cmTC_4c13a.dir/CMakeCCompilerABI.c.obj -c /usr/share/cmake/Modules/CMakeCCompilerABI.c]
  ignore line: [Using built-in specs.]
  ignore line: [Reading specs from /usr/lib/gcc/avr/11.2.0/device-specs/specs-avr2]
  ignore line: [COLLECT_GCC=/usr/bin/avr-gcc]
  ignore line: [Target: avr]
  ignore line: [Configured with: ../gcc-11.2.0/configure --prefix=/usr --mandir=/usr/share/man --infodir=/usr/share/info --target=avr --enable-languages=c c++ --disable-nls --disable-libssp --with-system-zlib --enable-version-specific-runtime-libs --with-pkgversion='Fedora 11.2.0-1.fc36' --with-bugurl=https://bugzilla.redhat.com/]
  ignore line: [Thread model: single]
  ignore line: [Supported LTO compression algorithms: zlib]
  ignore line: [gcc version 11.2.0 (Fedora 11.2.0-1.fc36) ]
  ignore line: [COLLECT_GCC_OPTIONS='-v' '-o' 'CMakeFiles/cmTC_4c13a.dir/CMakeCCompilerABI.c.obj' '-c' '-mdouble=32' '-mlong-double=64' '-specs=device-specs/specs-avr2' '-dumpdir' 'CMakeFiles/cmTC_4c13a.dir/']
  ignore line: [ /usr/libexec/gcc/avr/11.2.0/cc1 -quiet -v /usr/share/cmake/Modules/CMakeCCompilerABI.c -mn-flash=6 -mskip-bug -quiet -dumpdir CMakeFiles/cmTC_4c13a.dir/ -dumpbase CMakeCCompilerABI.c.c -dumpbase-ext .c -mdouble=32 -mlong-double=64 -version -o /tmp/cc8sZeBn.s]
  ignore line: [GNU C17 (Fedora 11.2.0-1.fc36) version 11.2.0 (avr)]
  ignore line: [	compiled by GNU C version 12.0.1 20220129 (Red Hat 12.0.1-0)  GMP version 6.2.1  MPFR version 4.1.0-p13  MPC version 1.2.1  isl version none]
  ignore line: [GGC heuristics: --param ggc-min-expand=100 --param ggc-min-heapsize=131072]
  ignore line: [ignoring nonexistent directory "/usr/lib/gcc/avr/11.2.0/../../../../avr/sys-include"]
  ignore line: [#include "..." search starts here:]
  ignore line: [#include <...> search starts here:]
  ignore line: [ /usr/lib/gcc/avr/11.2.0/include]
  ignore line: [ /usr/lib/gcc/avr/11.2.0/include-fixed]
  ignore line: [ /usr/lib/gcc/avr/11.2.0/../../../../avr/include]
  ignore line: [End of search list.]
  ignore line: [GNU C17 (Fedora 11.2.0-1.fc36) version 11.2.0 (avr)]
  ignore line: [	compiled by GNU C version 12.0.1 20220129 (Red Hat 12.0.1-0)  GMP version 6.2.1  MPFR version 4.1.0-p13  MPC version 1.2.1  isl version none]
  ignore line: [GGC heuristics: --param ggc-min-expand=100 --param ggc-min-heapsize=131072]
  ignore line: [Compiler executable checksum: 1b6850374d2c75ae2a974a52d3b650fe]
  ignore line: [COLLECT_GCC_OPTIONS='-v' '-o' 'CMakeFiles/cmTC_4c13a.dir/CMakeCCompilerABI.c.obj' '-c' '-mdouble=32' '-mlong-double=64' '-specs=device-specs/specs-avr2' '-dumpdir' 'CMakeFiles/cmTC_4c13a.dir/']
  ignore line: [ /usr/lib/gcc/avr/11.2.0/../../../../avr/bin/as -mmcu=avr2 -mgcc-isr -o CMakeFiles/cmTC_4c13a.dir/CMakeCCompilerABI.c.obj /tmp/cc8sZeBn.s]
  ignore line: [COMPILER_PATH=/usr/libexec/gcc/avr/11.2.0/:/usr/libexec/gcc/avr/11.2.0/:/usr/libexec/gcc/avr/:/usr/lib/gcc/avr/11.2.0/:/usr/lib/gcc/avr/:/usr/lib/gcc/avr/11.2.0/../../../../avr/bin/]
  ignore line: [LIBRARY_PATH=/usr/lib/gcc/avr/11.2.0/:/usr/lib/gcc/avr/11.2.0/../../../../avr/lib/]
  ignore line: [COLLECT_GCC_OPTIONS='-v' '-o' 'CMakeFiles/cmTC_4c13a.dir/CMakeCCompilerABI.c.obj' '-c' '-mdouble=32' '-mlong-double=64' '-specs=device-specs/specs-avr2' '-dumpdir' 'CMakeFiles/cmTC_4c13a.dir/CMakeCCompilerABI.c.']
  ignore line: [Linking C static library libcmTC_4c13a.a]
  ignore line: [/usr/bin/cmake -P CMakeFiles/cmTC_4c13a.dir/cmake_clean_target.cmake]
  ignore line: [/usr/bin/cmake -E cmake_link_script CMakeFiles/cmTC_4c13a.dir/link.txt --verbose=1]
  ignore line: [/usr/bin/avr-ar qc libcmTC_4c13a.a CMakeFiles/cmTC_4c13a.dir/CMakeCCompilerABI.c.obj]
  ignore line: [/usr/bin/avr-ranlib libcmTC_4c13a.a]
  ignore line: [gmake[1]: Leaving directory '/home/hellscoffe/Develop/AVR_Programming/build/CMakeFiles/CMakeTmp']
  ignore line: []
  ignore line: []
  implicit libs: []
  implicit objs: []
  implicit dirs: []
  implicit fwks: []


Detecting CXX compiler ABI info compiled with the following output:
Change Dir: /home/hellscoffe/Develop/AVR_Programming/build/CMakeFiles/CMakeTmp

Run Build Command(s):/usr/bin/gmake -f Makefile cmTC_628e2/fast && /usr/bin/gmake  -f CMakeFiles/cmTC_628e2.dir/build.make CMakeFiles/cmTC_628e2.dir/build
gmake[1]: Entering directory '/home/hellscoffe/Develop/AVR_Programming/build/CMakeFiles/CMakeTmp'
Building CXX object CMakeFiles/cmTC_628e2.dir/CMakeCXXCompilerABI.cpp.obj
/usr/bin/avr-g++   -v -o CMakeFiles/cmTC_628e2.dir/CMakeCXXCompilerABI.cpp.obj -c /usr/share/cmake/Modules/CMakeCXXCompilerABI.cpp
Using built-in specs.
Reading specs from /usr/lib/gcc/avr/11.2.0/device-specs/specs-avr2
COLLECT_GCC=/usr/bin/avr-g++
Target: avr
Configured with: ../gcc-11.2.0/configure --prefix=/usr --mandir=/usr/share/man --infodir=/usr/share/info --target=avr --enable-languages=c,c++ --disable-nls --disable-libssp --with-system-zlib --enable-version-specific-runtime-libs --with-pkgversion='Fedora 11.2.0-1.fc36' --with-bugurl=https://bugzilla.redhat.com/
Thread model: single
Supported LTO compression algorithms: zlib
gcc version 11.2.0 (Fedora 11.2.0-1.fc36) 
COLLECT_GCC_OPTIONS='-v' '-o' 'CMakeFiles/cmTC_628e2.dir/CMakeCXXCompilerABI.cpp.obj' '-c' '-mdouble=32' '-mlong-double=64' '-specs=device-specs/specs-avr2' '-dumpdir' 'CMakeFiles/cmTC_628e2.dir/'
 /usr/libexec/gcc/avr/11.2.0/cc1plus -quiet -v /usr/share/cmake/Modules/CMakeCXXCompilerABI.cpp -mn-flash=6 -mskip-bug -quiet -dumpdir CMakeFiles/cmTC_628e2.dir/ -dumpbase CMakeCXXCompilerABI.cpp.cpp -dumpbase-ext .cpp -mdouble=32 -mlong-double=64 -version -mn-flash=6 -mskip-bug -fno-rtti -fno-enforce-eh-specs -fno-exceptions -o /tmp/ccSE4ATl.s
GNU C++17 (Fedora 11.2.0-1.fc36) version 11.2.0 (avr)
	compiled by GNU C version 12.0.1 20220129 (Red Hat 12.0.1-0), GMP version 6.2.1, MPFR version 4.1.0-p13, MPC version 1.2.1, isl version none
GGC heuristics: --param ggc-min-expand=100 --param ggc-min-heapsize=131072
ignoring nonexistent directory "/usr/lib/gcc/avr/11.2.0/include/c++"
ignoring nonexistent directory "/usr/lib/gcc/avr/11.2.0/include/c++/avr"
ignoring nonexistent directory "/usr/lib/gcc/avr/11.2.0/include/c++/backward"
ignoring nonexistent directory "/usr/lib/gcc/avr/11.2.0/../../../../avr/sys-include"
#include "..." search starts here:
#include <...> search starts here:
 /usr/lib/gcc/avr/11.2.0/include
 /usr/lib/gcc/avr/11.2.0/include-fixed
 /usr/lib/gcc/avr/11.2.0/../../../../avr/include
End of search list.
GNU C++17 (Fedora 11.2.0-1.fc36) version 11.2.0 (avr)
	compiled by GNU C version 12.0.1 20220129 (Red Hat 12.0.1-0), GMP version 6.2.1, MPFR version 4.1.0-p13, MPC version 1.2.1, isl version none
GGC heuristics: --param ggc-min-expand=100 --param ggc-min-heapsize=131072
Compiler executable checksum: 0caced4c3bd8707543daf1cdb91a9c30
COLLECT_GCC_OPTIONS='-v' '-o' 'CMakeFiles/cmTC_628e2.dir/CMakeCXXCompilerABI.cpp.obj' '-c' '-mdouble=32' '-mlong-double=64' '-specs=device-specs/specs-avr2' '-dumpdir' 'CMakeFiles/cmTC_628e2.dir/'
 /usr/lib/gcc/avr/11.2.0/../../../../avr/bin/as -mmcu=avr2 -mgcc-isr -o CMakeFiles/cmTC_628e2.dir/CMakeCXXCompilerABI.cpp.obj /tmp/ccSE4ATl.s
COMPILER_PATH=/usr/libexec/gcc/avr/11.2.0/:/usr/libexec/gcc/avr/11.2.0/:/usr/libexec/gcc/avr/:/usr/lib/gcc/avr/11.2.0/:/usr/lib/gcc/avr/:/usr/lib/gcc/avr/11.2.0/../../../../avr/bin/
LIBRARY_PATH=/usr/lib/gcc/avr/11.2.0/:/usr/lib/gcc/avr/11.2.0/../../../../avr/lib/
COLLECT_GCC_OPTIONS='-v' '-o' 'CMakeFiles/cmTC_628e2.dir/CMakeCXXCompilerABI.cpp.obj' '-c' '-mdouble=32' '-mlong-double=64' '-specs=device-specs/specs-avr2' '-dumpdir' 'CMakeFiles/cmTC_628e2.dir/CMakeCXXCompilerABI.cpp.'
Linking CXX static library libcmTC_628e2.a
/usr/bin/cmake -P CMakeFiles/cmTC_628e2.dir/cmake_clean_target.cmake
/usr/bin/cmake -E cmake_link_script CMakeFiles/cmTC_628e2.dir/link.txt --verbose=1
/usr/bin/avr-ar qc libcmTC_628e2.a CMakeFiles/cmTC_628e2.dir/CMakeCXXCompilerABI.cpp.obj
/usr/bin/avr-ranlib libcmTC_628e2.a
gmake[1]: Leaving directory '/home/hellscoffe/Develop/AVR_Programming/build/CMakeFiles/CMakeTmp'



Parsed CXX implicit include dir info from above output: rv=done
  found start of include info
  found start of implicit include info
    add: [/usr/lib/gcc/avr/11.2.0/include]
    add: [/usr/lib/gcc/avr/11.2.0/include-fixed]
    add: [/usr/lib/gcc/avr/11.2.0/../../../../avr/include]
  end of search list found
  collapse include dir [/usr/lib/gcc/avr/11.2.0/include] ==> [/usr/lib/gcc/avr/11.2.0/include]
  collapse include dir [/usr/lib/gcc/avr/11.2.0/include-fixed] ==> [/usr/lib/gcc/avr/11.2.0/include-fixed]
  collapse include dir [/usr/lib/gcc/avr/11.2.0/../../../../avr/include] ==> [/usr/avr/include]
  implicit include dirs: [/usr/lib/gcc/avr/11.2.0/include;/usr/lib/gcc/avr/11.2.0/include-fixed;/usr/avr/include]


Parsed CXX implicit link information from above output:
  link line regex: [^( *|.*[/\])(avr-ld|CMAKE_LINK_STARTFILE-NOTFOUND|([^/\]+-)?ld|collect2)[^/\]*( |$)]
  ignore line: [Change Dir: /home/hellscoffe/Develop/AVR_Programming/build/CMakeFiles/CMakeTmp]
  ignore line: []
  ignore line: [Run Build Command(s):/usr/bin/gmake -f Makefile cmTC_628e2/fast && /usr/bin/gmake  -f CMakeFiles/cmTC_628e2.dir/build.make CMakeFiles/cmTC_628e2.dir/build]
  ignore line: [gmake[1]: Entering directory '/home/hellscoffe/Develop/AVR_Programming/build/CMakeFiles/CMakeTmp']
  ignore line: [Building CXX object CMakeFiles/cmTC_628e2.dir/CMakeCXXCompilerABI.cpp.obj]
  ignore line: [/usr/bin/avr-g++   -v -o CMakeFiles/cmTC_628e2.dir/CMakeCXXCompilerABI.cpp.obj -c /usr/share/cmake/Modules/CMakeCXXCompilerABI.cpp]
  ignore line: [Using built-in specs.]
  ignore line: [Reading specs from /usr/lib/gcc/avr/11.2.0/device-specs/specs-avr2]
  ignore line: [COLLECT_GCC=/usr/bin/avr-g++]
  ignore line: [Target: avr]
  ignore line: [Configured with: ../gcc-11.2.0/configure --prefix=/usr --mandir=/usr/share/man --infodir=/usr/share/info --target=avr --enable-languages=c c++ --disable-nls --disable-libssp --with-system-zlib --enable-version-specific-runtime-libs --with-pkgversion='Fedora 11.2.0-1.fc36' --with-bugurl=https://bugzilla.redhat.com/]
  ignore line: [Thread model: single]
  ignore line: [Supported LTO compression algorithms: zlib]
  ignore line: [gcc version 11.2.0 (Fedora 11.2.0-1.fc36) ]
  ignore line: [COLLECT_GCC_OPTIONS='-v' '-o' 'CMakeFiles/cmTC_628e2.dir/CMakeCXXCompilerABI.cpp.obj' '-c' '-mdouble=32' '-mlong-double=64' '-specs=device-specs/specs-avr2' '-dumpdir' 'CMakeFiles/cmTC_628e2.dir/']
  ignore line: [ /usr/libexec/gcc/avr/11.2.0/cc1plus -quiet -v /usr/share/cmake/Modules/CMakeCXXCompilerABI.cpp -mn-flash=6 -mskip-bug -quiet -dumpdir CMakeFiles/cmTC_628e2.dir/ -dumpbase CMakeCXXCompilerABI.cpp.cpp -dumpbase-ext .cpp -mdouble=32 -mlong-double=64 -version -mn-flash=6 -mskip-bug -fno-rtti -fno-enforce-eh-specs -fno-exceptions -o /tmp/ccSE4ATl.s]
  ignore line: [GNU C++17 (Fedora 11.2.0-1.fc36) version 11.2.0 (avr)]
  ignore line: [	compiled by GNU C version 12.0.1 20220129 (Red Hat 12.0.1-0)  GMP version 6.2.1  MPFR version 4.1.0-p13  MPC version 1.2.1  isl version none]
  ignore line: [GGC heuristics: --param ggc-min-expand=100 --param ggc-min-heapsize=131072]
  ignore line: [ignoring nonexistent directory "/usr/lib/gcc/avr/11.2.0/include/c++"]
  ignore line: [ignoring nonexistent directory "/usr/lib/gcc/avr/11.2.0/include/c++/avr"]
  ignore line: [ignoring nonexistent directory "/usr/lib/gcc/avr/11.2.0/include/c++/backward"]
  ignore line: [ignoring nonexistent directory "/usr/lib/gcc/avr/11.2.0/../../../../avr/sys-include"]
  ignore line: [#include "..." search starts here:]
  ignore line: [#include <...> search starts here:]
  ignore line: [ /usr/lib/gcc/avr/11.2.0/include]
  ignore line: [ /usr/lib/gcc/avr/11.2.0/include-fixed]
  ignore line: [ /usr/lib/gcc/avr/11.2.0/../../../../avr/include]
  ignore line: [End of search list.]
  ignore line: [GNU C++17 (Fedora 11.2.0-1.fc36) version 11.2.0 (avr)]
  ignore line: [	compiled by GNU C version 12.0.1 20220129 (Red Hat 12.0.1-0)  GMP version 6.2.1  MPFR version 4.1.0-p13  MPC version 1.2.1  isl version none]
  ignore line: [GGC heuristics: --param ggc-min-expand=100 --param ggc-min-heapsize=131072]
  ignore line: [Compiler executable checksum: 0caced4c3bd8707543daf1cdb91a9c30]
  ignore line: [COLLECT_GCC_OPTIONS='-v' '-o' 'CMakeFiles/cmTC_628e2.dir/CMakeCXXCompilerABI.cpp.obj' '-c' '-mdouble=32' '-mlong-double=64' '-specs=device-specs/specs-avr2' '-dumpdir' 'CMakeFiles/cmTC_628e2.dir/']
  ignore line: [ /usr/lib/gcc/avr/11.2.0/../../../../avr/bin/as -mmcu=avr2 -mgcc-isr -o CMakeFiles/cmTC_628e2.dir/CMakeCXXCompilerABI.cpp.obj /tmp/ccSE4ATl.s]
  ignore line: [COMPILER_PATH=/usr/libexec/gcc/avr/11.2.0/:/usr/libexec/gcc/avr/11.2.0/:/usr/libexec/gcc/avr/:/usr/lib/gcc/avr/11.2.0/:/usr/lib/gcc/avr/:/usr/lib/gcc/avr/11.2.0/../../../../avr/bin/]
  ignore line: [LIBRARY_PATH=/usr/lib/gcc/avr/11.2.0/:/usr/lib/gcc/avr/11.2.0/../../../../avr/lib/]
  ignore line: [COLLECT_GCC_OPTIONS='-v' '-o' 'CMakeFiles/cmTC_628e2.dir/CMakeCXXCompilerABI.cpp.obj' '-c' '-mdouble=32' '-mlong-double=64' '-specs=device-specs/specs-avr2' '-dumpdir' 'CMakeFiles/cmTC_628e2.dir/CMakeCXXCompilerABI.cpp.']
  ignore line: [Linking CXX static library libcmTC_628e2.a]
  ignore line: [/usr/bin/cmake -P CMakeFiles/cmTC_628e2.dir/cmake_clean_target.cmake]
  ignore line: [/usr/bin/cmake -E cmake_link_script CMakeFiles/cmTC_628e2.dir/link.txt --verbose=1]
  ignore line: [/usr/bin/avr-ar qc libcmTC_628e2.a CMakeFiles/cmTC_628e2.dir/CMakeCXXCompilerABI.cpp.obj]
  ignore line: [/usr/bin/avr-ranlib libcmTC_628e2.a]
  ignore line: [gmake[1]: Leaving directory '/home/hellscoffe/Develop/AVR_Programming/build/CMakeFiles/CMakeTmp']
  ignore line: []
  ignore line: []
  implicit libs: []
  implicit objs: []
  implicit dirs: []
  implicit fwks: []


